-------------------------------------------------------------------------------
Test set: net.guides.todo.todomanagementspringboot.TodoManagementSpringBoot2ApplicationTests
-------------------------------------------------------------------------------
Tests run: 1, Failures: 0, Errors: 1, Skipped: 0, Time elapsed: 0.481 s <<< FAILURE! - in net.guides.todo.todomanagementspringboot.TodoManagementSpringBoot2ApplicationTests
initializationError(net.guides.todo.todomanagementspringboot.TodoManagementSpringBoot2ApplicationTests)  Time elapsed: 0.007 s  <<< ERROR!
java.lang.IllegalStateException: Unable to find a @SpringBootConfiguration, you need to use @ContextConfiguration or @SpringBootTest(classes=...) with your test

